[11:05:00] [Client thread/INFO] [JMLogger] JourneyMap log initialized.
[11:05:00] [Client thread/INFO] [JourneyMap] ensureCurrent ENTER
[11:05:00] [Client thread/ERROR] [JMLogger] Default theme not found in D:\Users moved folders\luke80\Documents\Curse\Minecraft\Instances\LawngTV Simplicity\journeymap\icon\theme\Victorian\Victorian.theme.json: Victorian (SUPPRESSED)
[11:05:00] [Client thread/TRACE] [ThemeFileHandler] Initializing themes ...
[11:05:00] [Client thread/INFO] [PropertiesBase] Creating config file: D:\Users moved folders\luke80\Documents\Curse\Minecraft\Instances\LawngTV Simplicity\journeymap\config\5.1\journeymap.core.config
[11:05:00] [Client thread/DEBUG] [PropertiesBase] Saved journeymap.core.config
[11:05:00] [Client thread/INFO] [PropertiesBase] Loaded CoreProperties from D:\Users moved folders\luke80\Documents\Curse\Minecraft\Instances\LawngTV Simplicity\journeymap\config\5.1\journeymap.core.config
[11:05:00] [Client thread/INFO] [PropertiesBase] Creating config file: D:\Users moved folders\luke80\Documents\Curse\Minecraft\Instances\LawngTV Simplicity\journeymap\config\5.1\journeymap.fullmap.config
[11:05:00] [Client thread/DEBUG] [PropertiesBase] Saved journeymap.fullmap.config
[11:05:00] [Client thread/INFO] [PropertiesBase] Loaded FullMapProperties from D:\Users moved folders\luke80\Documents\Curse\Minecraft\Instances\LawngTV Simplicity\journeymap\config\5.1\journeymap.fullmap.config
[11:05:00] [Client thread/INFO] [PropertiesBase] Creating config file: D:\Users moved folders\luke80\Documents\Curse\Minecraft\Instances\LawngTV Simplicity\journeymap\config\5.1\journeymap.minimap.config
[11:05:00] [Client thread/DEBUG] [PropertiesBase] Saved journeymap.minimap.config
[11:05:00] [Client thread/INFO] [PropertiesBase] Updating config file from version "null" to "5.1.0": D:\Users moved folders\luke80\Documents\Curse\Minecraft\Instances\LawngTV Simplicity\journeymap\config\5.1\journeymap.minimap.config
[11:05:00] [Client thread/DEBUG] [PropertiesBase] Saved journeymap.minimap.config
[11:05:00] [Client thread/INFO] [PropertiesBase] Loaded MiniMapProperties from D:\Users moved folders\luke80\Documents\Curse\Minecraft\Instances\LawngTV Simplicity\journeymap\config\5.1\journeymap.minimap.config
[11:05:00] [Client thread/INFO] [PropertiesBase] Creating config file: D:\Users moved folders\luke80\Documents\Curse\Minecraft\Instances\LawngTV Simplicity\journeymap\config\5.1\journeymap.minimap2.config
[11:05:00] [Client thread/DEBUG] [PropertiesBase] Saved journeymap.minimap2.config
[11:05:00] [Client thread/INFO] [PropertiesBase] Updating config file from version "null" to "5.1.0": D:\Users moved folders\luke80\Documents\Curse\Minecraft\Instances\LawngTV Simplicity\journeymap\config\5.1\journeymap.minimap2.config
[11:05:00] [Client thread/DEBUG] [PropertiesBase] Saved journeymap.minimap2.config
[11:05:00] [Client thread/INFO] [PropertiesBase] Loaded MiniMapProperties2 from D:\Users moved folders\luke80\Documents\Curse\Minecraft\Instances\LawngTV Simplicity\journeymap\config\5.1\journeymap.minimap2.config
[11:05:00] [Client thread/INFO] [PropertiesBase] Creating config file: D:\Users moved folders\luke80\Documents\Curse\Minecraft\Instances\LawngTV Simplicity\journeymap\config\5.1\journeymap.webmap.config
[11:05:00] [Client thread/DEBUG] [PropertiesBase] Saved journeymap.webmap.config
[11:05:00] [Client thread/INFO] [PropertiesBase] Loaded WebMapProperties from D:\Users moved folders\luke80\Documents\Curse\Minecraft\Instances\LawngTV Simplicity\journeymap\config\5.1\journeymap.webmap.config
[11:05:00] [Client thread/INFO] [PropertiesBase] Creating config file: D:\Users moved folders\luke80\Documents\Curse\Minecraft\Instances\LawngTV Simplicity\journeymap\config\5.1\journeymap.waypoint.config
[11:05:00] [Client thread/DEBUG] [PropertiesBase] Saved journeymap.waypoint.config
[11:05:00] [Client thread/INFO] [PropertiesBase] Loaded WaypointProperties from D:\Users moved folders\luke80\Documents\Curse\Minecraft\Instances\LawngTV Simplicity\journeymap\config\5.1\journeymap.waypoint.config
[11:05:00] [Client thread/INFO] [?] Version: JourneyMap 5.1.0 Unlimited, built with Forge 10.13.2.1291
Forge: 10.13.4.1517
Environment: os.name, os.arch, java.version, user.country, user.language=null, game language=en_US, locale=en_us
Unlimited Features: 
	RadarPlayers : singleplayer = true , multiplayer = true
	RadarAnimals : singleplayer = true , multiplayer = true
	RadarMobs : singleplayer = true , multiplayer = true
	RadarVillagers : singleplayer = true , multiplayer = true
	MapCaves : singleplayer = true , multiplayer = true
MiniMapProperties{entityIconSetName=2D, showAnimals=true, showMobs=true, showPets=true, showPlayers=true, showSelf=true, showVillagers=true, showWaypoints=true, zoomLevel=0, fontScale=1, locationFormat=xzyv, locationFormatVerbose=true, showCaves=true, showWaypointLabels=true, showMobHeading=true, showPlayerHeading=true, textureSmall=true, active=true, compassFontScale=1, enabled=true, frameAlpha=100, name=minimap, orientation=My Heading, position=Top Right, preferredMapType=day, reticleOrientation=Compass, shape=Circle, showBiome=true, showCompass=true, showFps=false, showLocation=true, showReticle=true, sizePercent=30, terrainAlpha=100}
MiniMapProperties2{enabled=true, shape=Rectangle, position=Top Center, showFps=false, showBiome=true, showLocation=true, showWaypointLabels=true, sizePercent=30, frameAlpha=60, terrainAlpha=60, orientation=My Heading, compassFontScale=1, showCompass=true, showReticle=true, reticleOrientation=Compass, preferredMapType=day, name=minimap2, id=2}
FullMapProperties{entityIconSetName=2D, showAnimals=true, showMobs=true, showPets=true, showPlayers=true, showSelf=true, showVillagers=true, showWaypoints=true, zoomLevel=0, fontScale=1, locationFormat=xzyv, locationFormatVerbose=true, showCaves=true, showWaypointLabels=true, showMobHeading=true, showPlayerHeading=true, textureSmall=true, preferredMapType=day, showGrid=true}
WaypointProperties{autoHideLabel=true, beaconEnabled=true, boldLabel=false, createDeathpoints=true, fontScale=2, managerEnabled=true, maxDistance=0, name=waypoint, showDistance=true, showName=true, showRotatingBeam=true, showStaticBeam=true, showTexture=true, textureSmall=true}
WebMapProperties: , enabled=false, port=8080, showMobs=true, showAnimals=true, showVillagers=true, showPets=true, showPlayers=true, showWaypoints=true, entityIconSetName=2D
CoreProperties{announceMod=true, autoMapPoll=2000, browserPoll=2000, cacheAnimalsData=3100, cacheMobsData=3000, cachePlayerData=1000, cachePlayersData=2000, cacheVillagersData=2200, caveIgnoreGlass=true, checkUpdates=true, renderDelay=2, hideSneakingEntities=true, logLevel=INFO, mapAntialiasing=true, mapBathymetry=false, mapCaveLighting=true, mapCrops=true, mapPlants=false, mapPlantShadows=false, mapSurfaceAboveCaves=true, tileHighDisplayQuality=true, mapTransparency=true, maxAnimalsData=32, maxMobsData=32, maxPlayersData=32, maxVillagersData=32, optionsManagerViewed=, radarLateralDistance=64, radarVerticalDistance=16, recordCacheStats=false, renderOverlayEventTypeName=ALL, renderOverlayPreEvent=true, renderDistanceCaveMin=3, renderDistanceCaveMax=3, renderDistanceSurfaceMin=4, renderDistanceSurfaceMax=7, revealShape=Circle, themeName=Victorian, tileRenderType=1}
[11:05:00] [Client thread/INFO] [JourneyMap] ensureCurrent EXIT, elapsed§8 count §r1§8 avg §r332.48§8ms§r
[11:05:03] [Client thread/INFO] [JourneyMap] postInitialize ENTER
[11:05:03] [Client thread/DEBUG] [EventHandlerManager] net.techbrew.journeymap.forge.event.ChatEventHandler registered in MinecraftForgeBus
[11:05:03] [Client thread/DEBUG] [EventHandlerManager] net.techbrew.journeymap.forge.event.StateTickHandler registered in FMLCommonHandlerBus
[11:05:03] [Client thread/DEBUG] [EventHandlerManager] net.techbrew.journeymap.forge.event.WorldEventHandler registered in MinecraftForgeBus
[11:05:03] [Client thread/DEBUG] [EventHandlerManager] net.techbrew.journeymap.forge.event.ChunkUpdateHandler registered in MinecraftForgeBus
[11:05:03] [Client thread/DEBUG] [EventHandlerManager] net.techbrew.journeymap.forge.event.WaypointBeaconHandler registered in MinecraftForgeBus
[11:05:03] [Client thread/INFO] [WorldInfoHandler] Registered channel: world_info
[11:05:03] [Client thread/INFO] [ModBlockDelegate] Registered IModBlockHandler for: 'CarpentersBlocks:blockCarpentersBlock, CarpentersBlocks:blockCarpentersBarrier, CarpentersBlocks:blockCarpentersBed, CarpentersBlocks:blockCarpentersCollapsibleBlock, CarpentersBlocks:blockCarpentersDaylightSensor, CarpentersBlocks:blockCarpentersDoor, CarpentersBlocks:blockCarpentersFlowerPot, CarpentersBlocks:blockCarpentersGarageDoor, CarpentersBlocks:blockCarpentersGate, CarpentersBlocks:blockCarpentersHatch, CarpentersBlocks:blockCarpentersPressurePlate, CarpentersBlocks:blockCarpentersSafe, CarpentersBlocks:blockCarpentersSlope, CarpentersBlocks:blockCarpentersStairs'.
[11:05:03] [Client thread/DEBUG] [EventHandlerManager] net.techbrew.journeymap.forge.event.MiniMapOverlayHandler registered in MinecraftForgeBus
[11:05:03] [Client thread/DEBUG] [EventHandlerManager] net.techbrew.journeymap.forge.event.KeyEventHandler registered in FMLCommonHandlerBus
[11:05:03] [Client thread/INFO] [IconSetFileHandler] Initializing icon sets...
[11:05:03] [Client thread/TRACE] [ThemeFileHandler] Initializing themes ...
[11:05:04] [Client thread/INFO] [PropertiesBase] Updating config file from version "null" to "5.1.0": D:\Users moved folders\luke80\Documents\Curse\Minecraft\Instances\LawngTV Simplicity\journeymap\config\5.1\journeymap.webmap.config
[11:05:04] [Client thread/DEBUG] [PropertiesBase] Saved journeymap.webmap.config
[11:05:04] [Client thread/INFO] [JourneyMap] postInitialize EXIT, elapsed§8 count §r1§8 avg §r412.19§8ms§r
